c:\users\diego\documents\github\teoria_de_juegos_2016-02\tf_teoria_de_juegos201602\system_particle\ftj_engine\ftj_engine\debug\vc120.pdb
c:\users\diego\documents\github\teoria_de_juegos_2016-02\tf_teoria_de_juegos201602\system_particle\ftj_engine\ftj_engine\debug\vc120.idb
c:\users\diego\documents\github\teoria_de_juegos_2016-02\tf_teoria_de_juegos201602\system_particle\ftj_engine\ftj_engine\debug\listener.obj
c:\users\diego\documents\github\teoria_de_juegos_2016-02\tf_teoria_de_juegos201602\system_particle\ftj_engine\ftj_engine\debug\game.obj
c:\users\diego\documents\github\teoria_de_juegos_2016-02\tf_teoria_de_juegos201602\system_particle\ftj_engine\ftj_engine\debug\igamescene.obj
c:\users\diego\documents\github\teoria_de_juegos_2016-02\tf_teoria_de_juegos201602\system_particle\ftj_engine\ftj_engine\debug\maingamescene.obj
c:\users\diego\documents\github\teoria_de_juegos_2016-02\tf_teoria_de_juegos201602\system_particle\ftj_engine\ftj_engine\debug\inputmanager.obj
c:\users\diego\documents\github\teoria_de_juegos_2016-02\tf_teoria_de_juegos201602\system_particle\ftj_engine\ftj_engine\debug\dxlog.obj
c:\users\diego\documents\github\teoria_de_juegos_2016-02\tf_teoria_de_juegos201602\system_particle\ftj_engine\ftj_engine\debug\log.obj
c:\users\diego\documents\github\teoria_de_juegos_2016-02\tf_teoria_de_juegos201602\system_particle\ftj_engine\ftj_engine\debug\main.obj
c:\users\diego\documents\github\teoria_de_juegos_2016-02\tf_teoria_de_juegos201602\system_particle\ftj_engine\ftj_engine\debug\2dcontext.obj
c:\users\diego\documents\github\teoria_de_juegos_2016-02\tf_teoria_de_juegos201602\system_particle\ftj_engine\ftj_engine\debug\3dcontext.obj
c:\users\diego\documents\github\teoria_de_juegos_2016-02\tf_teoria_de_juegos201602\system_particle\ftj_engine\ftj_engine\debug\basecontext.obj
c:\users\diego\documents\github\teoria_de_juegos_2016-02\tf_teoria_de_juegos201602\system_particle\ftj_engine\ftj_engine\debug\camera.obj
c:\users\diego\documents\github\teoria_de_juegos_2016-02\tf_teoria_de_juegos201602\system_particle\ftj_engine\ftj_engine\debug\ftj_rendermanager.obj
c:\users\diego\documents\github\teoria_de_juegos_2016-02\tf_teoria_de_juegos201602\system_particle\ftj_engine\ftj_engine\debug\mesh.obj
c:\users\diego\documents\github\teoria_de_juegos_2016-02\tf_teoria_de_juegos201602\system_particle\ftj_engine\ftj_engine\debug\meshrenderer.obj
c:\users\diego\documents\github\teoria_de_juegos_2016-02\tf_teoria_de_juegos201602\system_particle\ftj_engine\ftj_engine\debug\rendercomponent.obj
c:\users\diego\documents\github\teoria_de_juegos_2016-02\tf_teoria_de_juegos201602\system_particle\ftj_engine\ftj_engine\debug\spriterenderer.obj
c:\users\diego\documents\github\teoria_de_juegos_2016-02\tf_teoria_de_juegos201602\system_particle\ftj_engine\ftj_engine\debug\xtime.obj
c:\users\diego\documents\github\teoria_de_juegos_2016-02\tf_teoria_de_juegos201602\system_particle\ftj_engine\ftj_engine\debug\fbxloader.obj
c:\users\diego\documents\github\teoria_de_juegos_2016-02\tf_teoria_de_juegos201602\system_particle\ftj_engine\ftj_engine\debug\player.obj
c:\users\diego\documents\github\teoria_de_juegos_2016-02\tf_teoria_de_juegos201602\system_particle\ftj_engine\ftj_engine\debug\assetmanager.obj
c:\users\diego\documents\github\teoria_de_juegos_2016-02\tf_teoria_de_juegos201602\system_particle\ftj_engine\ftj_engine\debug\ddstextureloader.obj
c:\users\diego\documents\github\teoria_de_juegos_2016-02\tf_teoria_de_juegos201602\system_particle\ftj_engine\ftj_engine\debug\tinystr.obj
c:\users\diego\documents\github\teoria_de_juegos_2016-02\tf_teoria_de_juegos201602\system_particle\ftj_engine\ftj_engine\debug\tinyxml.obj
c:\users\diego\documents\github\teoria_de_juegos_2016-02\tf_teoria_de_juegos201602\system_particle\ftj_engine\ftj_engine\debug\tinyxmlerror.obj
c:\users\diego\documents\github\teoria_de_juegos_2016-02\tf_teoria_de_juegos201602\system_particle\ftj_engine\ftj_engine\debug\tinyxmlparser.obj
c:\users\diego\documents\github\teoria_de_juegos_2016-02\tf_teoria_de_juegos201602\system_particle\ftj_engine\ftj_engine\debug\entitymanager.obj
c:\users\diego\documents\github\teoria_de_juegos_2016-02\tf_teoria_de_juegos201602\system_particle\ftj_engine\ftj_engine\debug\gameobject.obj
c:\users\diego\documents\github\teoria_de_juegos_2016-02\tf_teoria_de_juegos201602\system_particle\ftj_engine\ftj_engine\debug\ibehavior.obj
c:\users\diego\documents\github\teoria_de_juegos_2016-02\tf_teoria_de_juegos201602\system_particle\ftj_engine\ftj_engine\debug\icomponent.obj
c:\users\diego\documents\github\teoria_de_juegos_2016-02\tf_teoria_de_juegos201602\system_particle\ftj_engine\ftj_engine\debug\ientity.obj
c:\users\diego\documents\github\teoria_de_juegos_2016-02\tf_teoria_de_juegos201602\system_particle\ftj_engine\ftj_engine\debug\transform.obj
c:\users\diego\documents\github\teoria_de_juegos_2016-02\tf_teoria_de_juegos201602\system_particle\ftj_engine\ftj_engine\debug\event.obj
c:\users\diego\documents\github\teoria_de_juegos_2016-02\tf_teoria_de_juegos201602\system_particle\ftj_engine\ftj_engine\debug\eventmanager.obj
c:\users\diego\documents\github\teoria_de_juegos_2016-02\tf_teoria_de_juegos201602\system_particle\ftj_engine\ftj_engine\default2d_gs.csh
c:\users\diego\documents\github\teoria_de_juegos_2016-02\tf_teoria_de_juegos201602\system_particle\ftj_engine\ftj_engine\default2d_ps.csh
c:\users\diego\documents\github\teoria_de_juegos_2016-02\tf_teoria_de_juegos201602\system_particle\ftj_engine\ftj_engine\default2d_vs.csh
c:\users\diego\documents\github\teoria_de_juegos_2016-02\tf_teoria_de_juegos201602\system_particle\ftj_engine\ftj_engine\default3d_ps.csh
c:\users\diego\documents\github\teoria_de_juegos_2016-02\tf_teoria_de_juegos201602\system_particle\ftj_engine\ftj_engine\default3d_vs.csh
c:\users\diego\documents\github\teoria_de_juegos_2016-02\tf_teoria_de_juegos201602\system_particle\ftj_engine\debug\default2d_gs.cso
c:\users\diego\documents\github\teoria_de_juegos_2016-02\tf_teoria_de_juegos201602\system_particle\ftj_engine\debug\default2d_ps.cso
c:\users\diego\documents\github\teoria_de_juegos_2016-02\tf_teoria_de_juegos201602\system_particle\ftj_engine\debug\default2d_vs.cso
c:\users\diego\documents\github\teoria_de_juegos_2016-02\tf_teoria_de_juegos201602\system_particle\ftj_engine\debug\default3d_ps.cso
c:\users\diego\documents\github\teoria_de_juegos_2016-02\tf_teoria_de_juegos201602\system_particle\ftj_engine\debug\default3d_vs.cso
c:\users\diego\documents\github\teoria_de_juegos_2016-02\tf_teoria_de_juegos201602\system_particle\ftj_engine\ftj_engine\debug\ftj_engine.res
c:\users\diego\documents\github\teoria_de_juegos_2016-02\tf_teoria_de_juegos201602\system_particle\ftj_engine\debug\ftj_engine.pdb
c:\users\diego\documents\github\teoria_de_juegos_2016-02\tf_teoria_de_juegos201602\system_particle\ftj_engine\debug\ftj_engine.exe
c:\users\diego\documents\github\teoria_de_juegos_2016-02\tf_teoria_de_juegos201602\system_particle\ftj_engine\debug\ftj_engine.ilk
c:\users\diego\documents\github\teoria_de_juegos_2016-02\tf_teoria_de_juegos201602\system_particle\ftj_engine\ftj_engine\debug\ftj_engine.tlog\cl.command.1.tlog
c:\users\diego\documents\github\teoria_de_juegos_2016-02\tf_teoria_de_juegos201602\system_particle\ftj_engine\ftj_engine\debug\ftj_engine.tlog\cl.read.1.tlog
c:\users\diego\documents\github\teoria_de_juegos_2016-02\tf_teoria_de_juegos201602\system_particle\ftj_engine\ftj_engine\debug\ftj_engine.tlog\cl.write.1.tlog
c:\users\diego\documents\github\teoria_de_juegos_2016-02\tf_teoria_de_juegos201602\system_particle\ftj_engine\ftj_engine\debug\ftj_engine.tlog\ftj_engine.write.1u.tlog
c:\users\diego\documents\github\teoria_de_juegos_2016-02\tf_teoria_de_juegos201602\system_particle\ftj_engine\ftj_engine\debug\ftj_engine.tlog\fxc.command.1.tlog
c:\users\diego\documents\github\teoria_de_juegos_2016-02\tf_teoria_de_juegos201602\system_particle\ftj_engine\ftj_engine\debug\ftj_engine.tlog\fxc.read.1.tlog
c:\users\diego\documents\github\teoria_de_juegos_2016-02\tf_teoria_de_juegos201602\system_particle\ftj_engine\ftj_engine\debug\ftj_engine.tlog\fxc.write.1.tlog
c:\users\diego\documents\github\teoria_de_juegos_2016-02\tf_teoria_de_juegos201602\system_particle\ftj_engine\ftj_engine\debug\ftj_engine.tlog\link.command.1.tlog
c:\users\diego\documents\github\teoria_de_juegos_2016-02\tf_teoria_de_juegos201602\system_particle\ftj_engine\ftj_engine\debug\ftj_engine.tlog\link.read.1.tlog
c:\users\diego\documents\github\teoria_de_juegos_2016-02\tf_teoria_de_juegos201602\system_particle\ftj_engine\ftj_engine\debug\ftj_engine.tlog\link.write.1.tlog
c:\users\diego\documents\github\teoria_de_juegos_2016-02\tf_teoria_de_juegos201602\system_particle\ftj_engine\ftj_engine\debug\ftj_engine.tlog\rc.command.1.tlog
c:\users\diego\documents\github\teoria_de_juegos_2016-02\tf_teoria_de_juegos201602\system_particle\ftj_engine\ftj_engine\debug\ftj_engine.tlog\rc.read.1.tlog
c:\users\diego\documents\github\teoria_de_juegos_2016-02\tf_teoria_de_juegos201602\system_particle\ftj_engine\ftj_engine\debug\ftj_engine.tlog\rc.write.1.tlog
